current directory: /Users/dasfef/Desktop/HTML/dasfef.github.io/ruby/2.7.0/gems/commonmarker-0.23.9/ext/commonmarker
/Users/dasfef/.rbenv/versions/2.7.7/bin/ruby -I /Users/dasfef/.rbenv/versions/2.7.7/lib/ruby/2.7.0 -r ./siteconf20230715-5531-19fxmq7.rb extconf.rb
creating Makefile

current directory: /Users/dasfef/Desktop/HTML/dasfef.github.io/ruby/2.7.0/gems/commonmarker-0.23.9/ext/commonmarker
make "DESTDIR=" clean

current directory: /Users/dasfef/Desktop/HTML/dasfef.github.io/ruby/2.7.0/gems/commonmarker-0.23.9/ext/commonmarker
make "DESTDIR="
compiling arena.c
compiling autolink.c
compiling blocks.c
compiling buffer.c
compiling cmark.c
compiling cmark_ctype.c
compiling commonmark.c
compiling commonmarker.c
In file included from commonmarker.c:3:
In file included from ./houdini.h:9:
./config.h:8:9: warning: 'HAVE_STDBOOL_H' macro redefined [-Wmacro-redefined]
#define HAVE_STDBOOL_H
        ^
/Users/dasfef/.rbenv/versions/2.7.7/include/ruby-2.7.0/arm64-darwin22/ruby/config.h:39:9: note: previous definition is here
#define HAVE_STDBOOL_H 1
        ^
1 warning generated.
compiling core-extensions.c
compiling ext_scanners.c
compiling footnotes.c
compiling houdini_href_e.c
compiling houdini_html_e.c
compiling houdini_html_u.c
compiling html.c
compiling inlines.c
compiling iterator.c
compiling latex.c
compiling linked_list.c
compiling man.c
compiling map.c
compiling node.c
compiling plaintext.c
compiling plugin.c
compiling references.c
compiling registry.c
compiling render.c
compiling scanners.c
compiling strikethrough.c
compiling syntax_extension.c
compiling table.c
compiling tagfilter.c
compiling tasklist.c
compiling utf8.c
compiling xml.c
linking shared-object commonmarker/commonmarker.bundle

current directory: /Users/dasfef/Desktop/HTML/dasfef.github.io/ruby/2.7.0/gems/commonmarker-0.23.9/ext/commonmarker
make "DESTDIR=" install
/opt/homebrew/bin/ginstall -c -m 0755 commonmarker.bundle ./.gem.20230715-5531-srbhju/commonmarker
